#
# There is insufficient memory for the Java Runtime Environment to continue.
# Native memory allocation (malloc) failed to allocate 494576 bytes for Chunk::new
# Possible reasons:
#   The system is out of physical RAM or swap space
#   The process is running with CompressedOops enabled, and the Java Heap may be blocking the growth of the native heap
# Possible solutions:
#   Reduce memory load on the system
#   Increase physical memory or swap space
#   Check if swap backing store is full
#   Decrease Java heap size (-Xmx/-Xms)
#   Decrease number of Java threads
#   Decrease Java thread stack sizes (-Xss)
#   Set larger code cache with -XX:ReservedCodeCacheSize=
#   JVM is running with Unscaled Compressed Oops mode in which the Java heap is
#     placed in the first 4GB address space. The Java Heap base address is the
#     maximum limit for the native heap growth. Please use -XX:HeapBaseMinAddress
#     to set the Java Heap base and to place the Java Heap above 4GB virtual address.
# This output file may be truncated or incomplete.
#
#  Out of Memory Error (arena.cpp:168), pid=18028, tid=18144
#
# JRE version: OpenJDK Runtime Environment Temurin-21.0.2+13 (21.0.2+13) (build 21.0.2+13-LTS)
# Java VM: OpenJDK 64-Bit Server VM Temurin-21.0.2+13 (21.0.2+13-LTS, mixed mode, tiered, compressed oops, compressed class ptrs, g1 gc, windows-amd64)
# No core dump will be written. Minidumps are not enabled by default on client versions of Windows
#

---------------  S U M M A R Y ------------

Command Line: -Dfile.encoding=UTF-8 -Dstdout.encoding=UTF-8 -Dstderr.encoding=UTF-8 -XX:+ShowCodeDetailsInExceptionMessages com.music.padanisa.PadanisaApplication

Host: Intel(R) Core(TM) i5-10300H CPU @ 2.50GHz, 8 cores, 7G,  Windows 11 , 64 bit Build 22621 (10.0.22621.3235)
Time: Tue Mar 12 15:24:13 2024 India Standard Time elapsed time: 2057.777849 seconds (0d 0h 34m 17s)

---------------  T H R E A D  ---------------

Current thread (0x0000022713820600):  JavaThread "C2 CompilerThread0" daemon [_thread_in_native, id=18144, stack(0x000000a9b1d00000,0x000000a9b1e00000) (1024K)]


Current CompileTask:
C2:2057777 10729   !   4       jdk.internal.loader.URLClassPath$FileLoader::getResource (153 bytes)

Stack: [0x000000a9b1d00000,0x000000a9b1e00000]
Native frames: (J=compiled Java code, j=interpreted, Vv=VM code, C=native code)
V  [jvm.dll+0x6c94f9]
V  [jvm.dll+0x8a3c21]
V  [jvm.dll+0x8a614e]
V  [jvm.dll+0x8a6823]
V  [jvm.dll+0x27fa86]
V  [jvm.dll+0xc4a2d]
V  [jvm.dll+0xc4f63]
V  [jvm.dll+0x3b3b5c]
V  [jvm.dll+0x380575]
V  [jvm.dll+0x37f9da]
V  [jvm.dll+0x247fa0]
V  [jvm.dll+0x24757f]
V  [jvm.dll+0x1c847e]
V  [jvm.dll+0x256db9]
V  [jvm.dll+0x25538a]
V  [jvm.dll+0x3ed0d6]
V  [jvm.dll+0x84cb3b]
V  [jvm.dll+0x6c7c2d]
C  [ucrtbase.dll+0x29363]
C  [KERNEL32.DLL+0x1257d]
C  [ntdll.dll+0x5aa58]


---------------  P R O C E S S  ---------------

Threads class SMR info:
_java_thread_list=0x0000022718eda180, length=30, elements={
0x00000227137f7e60, 0x00000227137f8f70, 0x000002271382a620, 0x000002271382b080,
0x000002271382be40, 0x000002271384b3c0, 0x0000022713820600, 0x00000227138210a0,
0x00000227139d8a20, 0x00000227139e6af0, 0x000002271a0f4a80, 0x000002271b3e6c70,
0x000002271d2ab9c0, 0x000002271d2ada90, 0x000002271d2a7eb0, 0x000002271d2acd70,
0x000002271d2a8540, 0x000002271d2ac6e0, 0x000002271d2a8bd0, 0x000002271d2ab330,
0x000002271d2a9f80, 0x000002271d2ae120, 0x000002271d2a9260, 0x000002271d2ae7b0,
0x000002271d2a7820, 0x000002271d2aee40, 0x000002271d2a98f0, 0x000002271d2aa610,
0x000002271b3e7990, 0x000002271b3e8020
}

Java Threads: ( => current thread )
  0x00000227137f7e60 JavaThread "Reference Handler"          daemon [_thread_blocked, id=13560, stack(0x000000a9b1700000,0x000000a9b1800000) (1024K)]
  0x00000227137f8f70 JavaThread "Finalizer"                  daemon [_thread_blocked, id=9416, stack(0x000000a9b1800000,0x000000a9b1900000) (1024K)]
  0x000002271382a620 JavaThread "Signal Dispatcher"          daemon [_thread_blocked, id=12048, stack(0x000000a9b1900000,0x000000a9b1a00000) (1024K)]
  0x000002271382b080 JavaThread "Attach Listener"            daemon [_thread_blocked, id=16228, stack(0x000000a9b1a00000,0x000000a9b1b00000) (1024K)]
  0x000002271382be40 JavaThread "Service Thread"             daemon [_thread_blocked, id=13744, stack(0x000000a9b1b00000,0x000000a9b1c00000) (1024K)]
  0x000002271384b3c0 JavaThread "Monitor Deflation Thread"   daemon [_thread_blocked, id=6680, stack(0x000000a9b1c00000,0x000000a9b1d00000) (1024K)]
=>0x0000022713820600 JavaThread "C2 CompilerThread0"         daemon [_thread_in_native, id=18144, stack(0x000000a9b1d00000,0x000000a9b1e00000) (1024K)]
  0x00000227138210a0 JavaThread "C1 CompilerThread0"         daemon [_thread_blocked, id=4572, stack(0x000000a9b1e00000,0x000000a9b1f00000) (1024K)]
  0x00000227139d8a20 JavaThread "Notification Thread"        daemon [_thread_blocked, id=18284, stack(0x000000a9b1f00000,0x000000a9b2000000) (1024K)]
  0x00000227139e6af0 JavaThread "Common-Cleaner"             daemon [_thread_blocked, id=13232, stack(0x000000a9b2000000,0x000000a9b2100000) (1024K)]
  0x000002271a0f4a80 JavaThread "mysql-cj-abandoned-connection-cleanup" daemon [_thread_blocked, id=14544, stack(0x000000a9b3000000,0x000000a9b3100000) (1024K)]
  0x000002271b3e6c70 JavaThread "Live Reload Server"         daemon [_thread_in_native, id=16124, stack(0x000000a9b3600000,0x000000a9b3700000) (1024K)]
  0x000002271d2ab9c0 JavaThread "DestroyJavaVM"                     [_thread_blocked, id=11080, stack(0x000000a9b0f00000,0x000000a9b1000000) (1024K)]
  0x000002271d2ada90 JavaThread "Catalina-utility-1"                [_thread_blocked, id=10748, stack(0x000000a9b2400000,0x000000a9b2500000) (1024K)]
  0x000002271d2a7eb0 JavaThread "Catalina-utility-2"                [_thread_blocked, id=14480, stack(0x000000a9b2a00000,0x000000a9b2b00000) (1024K)]
  0x000002271d2acd70 JavaThread "container-0"                       [_thread_blocked, id=8544, stack(0x000000a9b2e00000,0x000000a9b2f00000) (1024K)]
  0x000002271d2a8540 JavaThread "HikariPool-2 housekeeper"   daemon [_thread_blocked, id=15308, stack(0x000000a9b2f00000,0x000000a9b3000000) (1024K)]
  0x000002271d2ac6e0 JavaThread "File Watcher"               daemon [_thread_blocked, id=17932, stack(0x000000a9b3300000,0x000000a9b3400000) (1024K)]
  0x000002271d2a8bd0 JavaThread "http-nio-9091-exec-1"       daemon [_thread_blocked, id=6328, stack(0x000000a9b3400000,0x000000a9b3500000) (1024K)]
  0x000002271d2ab330 JavaThread "http-nio-9091-exec-2"       daemon [_thread_blocked, id=11228, stack(0x000000a9b3500000,0x000000a9b3600000) (1024K)]
  0x000002271d2a9f80 JavaThread "http-nio-9091-exec-3"       daemon [_thread_blocked, id=3712, stack(0x000000a9b3700000,0x000000a9b3800000) (1024K)]
  0x000002271d2ae120 JavaThread "http-nio-9091-exec-4"       daemon [_thread_blocked, id=4020, stack(0x000000a9b3800000,0x000000a9b3900000) (1024K)]
  0x000002271d2a9260 JavaThread "http-nio-9091-exec-5"       daemon [_thread_blocked, id=17672, stack(0x000000a9b3900000,0x000000a9b3a00000) (1024K)]
  0x000002271d2ae7b0 JavaThread "http-nio-9091-exec-6"       daemon [_thread_blocked, id=16360, stack(0x000000a9b3a00000,0x000000a9b3b00000) (1024K)]
  0x000002271d2a7820 JavaThread "http-nio-9091-exec-7"       daemon [_thread_blocked, id=2680, stack(0x000000a9b3b00000,0x000000a9b3c00000) (1024K)]
  0x000002271d2aee40 JavaThread "http-nio-9091-exec-8"       daemon [_thread_blocked, id=15584, stack(0x000000a9b3c00000,0x000000a9b3d00000) (1024K)]
  0x000002271d2a98f0 JavaThread "http-nio-9091-exec-9"       daemon [_thread_blocked, id=5352, stack(0x000000a9b3d00000,0x000000a9b3e00000) (1024K)]
  0x000002271d2aa610 JavaThread "http-nio-9091-exec-10"      daemon [_thread_blocked, id=8016, stack(0x000000a9b3e00000,0x000000a9b3f00000) (1024K)]
  0x000002271b3e7990 JavaThread "http-nio-9091-Poller"       daemon [_thread_in_native, id=7060, stack(0x000000a9b3f00000,0x000000a9b4000000) (1024K)]
  0x000002271b3e8020 JavaThread "http-nio-9091-Acceptor"     daemon [_thread_in_native, id=2008, stack(0x000000a9b4000000,0x000000a9b4100000) (1024K)]
Total: 30

Other Threads:
  0x00000227137d0a70 VMThread "VM Thread"                           [id=10336, stack(0x000000a9b1600000,0x000000a9b1700000) (1024K)]
  0x0000022713732090 WatcherThread "VM Periodic Task Thread"        [id=3444, stack(0x000000a9b1500000,0x000000a9b1600000) (1024K)]
  0x00000227797ef910 WorkerThread "GC Thread#0"                     [id=10904, stack(0x000000a9b1000000,0x000000a9b1100000) (1024K)]
  0x0000022718afbae0 WorkerThread "GC Thread#1"                     [id=10432, stack(0x000000a9b2500000,0x000000a9b2600000) (1024K)]
  0x0000022718afbe80 WorkerThread "GC Thread#2"                     [id=17128, stack(0x000000a9b2600000,0x000000a9b2700000) (1024K)]
  0x0000022718afc220 WorkerThread "GC Thread#3"                     [id=7620, stack(0x000000a9b2700000,0x000000a9b2800000) (1024K)]
  0x000002271863d270 WorkerThread "GC Thread#4"                     [id=12640, stack(0x000000a9b2800000,0x000000a9b2900000) (1024K)]
  0x000002271863d610 WorkerThread "GC Thread#5"                     [id=17996, stack(0x000000a9b2900000,0x000000a9b2a00000) (1024K)]
  0x0000022718d01c30 WorkerThread "GC Thread#6"                     [id=15540, stack(0x000000a9b2b00000,0x000000a9b2c00000) (1024K)]
  0x0000022718d13180 WorkerThread "GC Thread#7"                     [id=18352, stack(0x000000a9b2c00000,0x000000a9b2d00000) (1024K)]
  0x0000022779800d40 ConcurrentGCThread "G1 Main Marker"            [id=7976, stack(0x000000a9b1100000,0x000000a9b1200000) (1024K)]
  0x0000022779801840 WorkerThread "G1 Conc#0"                       [id=14988, stack(0x000000a9b1200000,0x000000a9b1300000) (1024K)]
  0x000002271852bbc0 WorkerThread "G1 Conc#1"                       [id=17504, stack(0x000000a9b2d00000,0x000000a9b2e00000) (1024K)]
  0x0000022713607110 ConcurrentGCThread "G1 Refine#0"               [id=5724, stack(0x000000a9b1300000,0x000000a9b1400000) (1024K)]
  0x000002271360aba0 ConcurrentGCThread "G1 Service"                [id=3608, stack(0x000000a9b1400000,0x000000a9b1500000) (1024K)]
Total: 15

Threads with active compile tasks:
C2 CompilerThread0  2057798 10729   !   4       jdk.internal.loader.URLClassPath$FileLoader::getResource (153 bytes)
Total: 1

VM state: not at safepoint (normal execution)

VM Mutex/Monitor currently owned by a thread: None

Heap address: 0x0000000082800000, size: 2008 MB, Compressed Oops mode: 32-bit

CDS archive(s) not mapped
Compressed class space mapped at: 0x0000000100000000-0x0000000140000000, reserved size: 1073741824
Narrow klass base: 0x0000000000000000, Narrow klass shift: 3, Narrow klass range: 0x140000000

GC Precious Log:
 CardTable entry size: 512
 Card Set container configuration: InlinePtr #cards 5 size 8 Array Of Cards #cards 12 size 40 Howl #buckets 4 coarsen threshold 1843 Howl Bitmap #cards 512 size 80 coarsen threshold 460 Card regions per heap region 1 cards per card region 2048
 CPUs: 8 total, 8 available
 Memory: 8029M
 Large Page Support: Disabled
 NUMA Support: Disabled
 Compressed Oops: Enabled (32-bit)
 Heap Region Size: 1M
 Heap Min Capacity: 8M
 Heap Initial Capacity: 126M
 Heap Max Capacity: 2008M
 Pre-touch: Disabled
 Parallel Workers: 8
 Concurrent Workers: 2
 Concurrent Refinement Workers: 8
 Periodic GC: Disabled

Heap:
 garbage-first heap   total 63488K, used 36343K [0x0000000082800000, 0x0000000100000000)
  region size 1024K, 5 young (5120K), 2 survivors (2048K)
 Metaspace       used 87114K, committed 87872K, reserved 1179648K
  class space    used 10821K, committed 11136K, reserved 1048576K

Heap Regions: E=young(eden), S=young(survivor), O=old, HS=humongous(starts), HC=humongous(continues), CS=collection set, F=free, TAMS=top-at-mark-start, PB=parsable bottom
|   0|0x0000000082800000, 0x0000000082900000, 0x0000000082900000|100%|HS|  |TAMS 0x0000000082800000| PB 0x0000000082800000| Complete 
|   1|0x0000000082900000, 0x00000000829fffe8, 0x0000000082a00000| 99%| O|  |TAMS 0x0000000082900000| PB 0x0000000082900000| Untracked 
|   2|0x0000000082a00000, 0x0000000082b00000, 0x0000000082b00000|100%| O|  |TAMS 0x0000000082a00000| PB 0x0000000082a00000| Untracked 
|   3|0x0000000082b00000, 0x0000000082bffff0, 0x0000000082c00000| 99%| O|  |TAMS 0x0000000082b00000| PB 0x0000000082b00000| Untracked 
|   4|0x0000000082c00000, 0x0000000082d00000, 0x0000000082d00000|100%| O|  |TAMS 0x0000000082c00000| PB 0x0000000082c00000| Untracked 
|   5|0x0000000082d00000, 0x0000000082e00000, 0x0000000082e00000|100%| O|  |TAMS 0x0000000082d00000| PB 0x0000000082d00000| Untracked 
|   6|0x0000000082e00000, 0x0000000082efffa8, 0x0000000082f00000| 99%| O|  |TAMS 0x0000000082e00000| PB 0x0000000082e00000| Untracked 
|   7|0x0000000082f00000, 0x0000000082fffbf0, 0x0000000083000000| 99%| O|  |TAMS 0x0000000082f00000| PB 0x0000000082f00000| Untracked 
|   8|0x0000000083000000, 0x00000000830ffff8, 0x0000000083100000| 99%| O|  |TAMS 0x0000000083000000| PB 0x0000000083000000| Untracked 
|   9|0x0000000083100000, 0x00000000831fffc0, 0x0000000083200000| 99%| O|  |TAMS 0x0000000083100000| PB 0x0000000083100000| Untracked 
|  10|0x0000000083200000, 0x00000000832fffc8, 0x0000000083300000| 99%| O|  |TAMS 0x0000000083200000| PB 0x0000000083200000| Untracked 
|  11|0x0000000083300000, 0x0000000083400000, 0x0000000083400000|100%| O|  |TAMS 0x0000000083300000| PB 0x0000000083300000| Untracked 
|  12|0x0000000083400000, 0x00000000834f9878, 0x0000000083500000| 97%| O|  |TAMS 0x0000000083400000| PB 0x0000000083400000| Untracked 
|  13|0x0000000083500000, 0x00000000835fffe8, 0x0000000083600000| 99%| O|  |TAMS 0x0000000083500000| PB 0x0000000083500000| Untracked 
|  14|0x0000000083600000, 0x00000000836fffd8, 0x0000000083700000| 99%| O|  |TAMS 0x0000000083600000| PB 0x0000000083600000| Untracked 
|  15|0x0000000083700000, 0x0000000083800000, 0x0000000083800000|100%| O|  |TAMS 0x0000000083700000| PB 0x0000000083700000| Untracked 
|  16|0x0000000083800000, 0x00000000838ffff0, 0x0000000083900000| 99%| O|  |TAMS 0x0000000083800000| PB 0x0000000083800000| Untracked 
|  17|0x0000000083900000, 0x00000000839fff98, 0x0000000083a00000| 99%| O|  |TAMS 0x0000000083900000| PB 0x0000000083900000| Untracked 
|  18|0x0000000083a00000, 0x0000000083afffe0, 0x0000000083b00000| 99%| O|  |TAMS 0x0000000083a00000| PB 0x0000000083a00000| Untracked 
|  19|0x0000000083b00000, 0x0000000083bffff8, 0x0000000083c00000| 99%| O|  |TAMS 0x0000000083b00000| PB 0x0000000083b00000| Untracked 
|  20|0x0000000083c00000, 0x0000000083d00000, 0x0000000083d00000|100%| O|  |TAMS 0x0000000083c00000| PB 0x0000000083c00000| Untracked 
|  21|0x0000000083d00000, 0x0000000083d00000, 0x0000000083e00000|  0%| F|  |TAMS 0x0000000083d00000| PB 0x0000000083d00000| Untracked 
|  22|0x0000000083e00000, 0x0000000083f00000, 0x0000000083f00000|100%| O|  |TAMS 0x0000000083e00000| PB 0x0000000083e00000| Untracked 
|  23|0x0000000083f00000, 0x0000000083ff5010, 0x0000000084000000| 95%| O|  |TAMS 0x0000000083f00000| PB 0x0000000083f00000| Untracked 
|  24|0x0000000084000000, 0x00000000840ffff8, 0x0000000084100000| 99%| O|  |TAMS 0x0000000084000000| PB 0x0000000084000000| Untracked 
|  25|0x0000000084100000, 0x0000000084100000, 0x0000000084200000|  0%| F|  |TAMS 0x0000000084100000| PB 0x0000000084100000| Untracked 
|  26|0x0000000084200000, 0x0000000084300000, 0x0000000084300000|100%| O|  |TAMS 0x0000000084200000| PB 0x0000000084200000| Untracked 
|  27|0x0000000084300000, 0x0000000084300000, 0x0000000084400000|  0%| F|  |TAMS 0x0000000084300000| PB 0x0000000084300000| Untracked 
|  28|0x0000000084400000, 0x0000000084400000, 0x0000000084500000|  0%| F|  |TAMS 0x0000000084400000| PB 0x0000000084400000| Untracked 
|  29|0x0000000084500000, 0x0000000084600000, 0x0000000084600000|100%| O|  |TAMS 0x0000000084500000| PB 0x0000000084500000| Untracked 
|  30|0x0000000084600000, 0x0000000084600000, 0x0000000084700000|  0%| F|  |TAMS 0x0000000084600000| PB 0x0000000084600000| Untracked 
|  31|0x0000000084700000, 0x0000000084800000, 0x0000000084800000|100%| O|  |TAMS 0x0000000084700000| PB 0x0000000084700000| Untracked 
|  32|0x0000000084800000, 0x0000000084900000, 0x0000000084900000|100%| O|  |TAMS 0x0000000084800000| PB 0x0000000084800000| Untracked 
|  33|0x0000000084900000, 0x0000000084a00000, 0x0000000084a00000|100%| O|  |TAMS 0x0000000084900000| PB 0x0000000084900000| Untracked 
|  34|0x0000000084a00000, 0x0000000084b00000, 0x0000000084b00000|100%| O|  |TAMS 0x0000000084a00000| PB 0x0000000084a00000| Untracked 
|  35|0x0000000084b00000, 0x0000000084c00000, 0x0000000084c00000|100%| O|  |TAMS 0x0000000084b00000| PB 0x0000000084b00000| Untracked 
|  36|0x0000000084c00000, 0x0000000084d00000, 0x0000000084d00000|100%| O|  |TAMS 0x0000000084c00000| PB 0x0000000084c00000| Untracked 
|  37|0x0000000084d00000, 0x0000000084d00000, 0x0000000084e00000|  0%| F|  |TAMS 0x0000000084d00000| PB 0x0000000084d00000| Untracked 
|  38|0x0000000084e00000, 0x0000000084e00000, 0x0000000084f00000|  0%| F|  |TAMS 0x0000000084e00000| PB 0x0000000084e00000| Untracked 
|  39|0x0000000084f00000, 0x0000000084f8fbe8, 0x0000000085000000| 56%| S|CS|TAMS 0x0000000084f00000| PB 0x0000000084f00000| Complete 
|  40|0x0000000085000000, 0x0000000085100000, 0x0000000085100000|100%| S|CS|TAMS 0x0000000085000000| PB 0x0000000085000000| Complete 
|  41|0x0000000085100000, 0x0000000085100000, 0x0000000085200000|  0%| F|  |TAMS 0x0000000085100000| PB 0x0000000085100000| Untracked 
|  42|0x0000000085200000, 0x0000000085200000, 0x0000000085300000|  0%| F|  |TAMS 0x0000000085200000| PB 0x0000000085200000| Untracked 
|  43|0x0000000085300000, 0x0000000085300000, 0x0000000085400000|  0%| F|  |TAMS 0x0000000085300000| PB 0x0000000085300000| Untracked 
|  44|0x0000000085400000, 0x0000000085400000, 0x0000000085500000|  0%| F|  |TAMS 0x0000000085400000| PB 0x0000000085400000| Untracked 
|  45|0x0000000085500000, 0x0000000085500000, 0x0000000085600000|  0%| F|  |TAMS 0x0000000085500000| PB 0x0000000085500000| Untracked 
|  46|0x0000000085600000, 0x0000000085600000, 0x0000000085700000|  0%| F|  |TAMS 0x0000000085600000| PB 0x0000000085600000| Untracked 
|  47|0x0000000085700000, 0x0000000085700000, 0x0000000085800000|  0%| F|  |TAMS 0x0000000085700000| PB 0x0000000085700000| Untracked 
|  48|0x0000000085800000, 0x0000000085800000, 0x0000000085900000|  0%| F|  |TAMS 0x0000000085800000| PB 0x0000000085800000| Untracked 
|  49|0x0000000085900000, 0x0000000085900000, 0x0000000085a00000|  0%| F|  |TAMS 0x0000000085900000| PB 0x0000000085900000| Untracked 
|  50|0x0000000085a00000, 0x0000000085a00000, 0x0000000085b00000|  0%| F|  |TAMS 0x0000000085a00000| PB 0x0000000085a00000| Untracked 
|  51|0x0000000085b00000, 0x0000000085b00000, 0x0000000085c00000|  0%| F|  |TAMS 0x0000000085b00000| PB 0x0000000085b00000| Untracked 
|  52|0x0000000085c00000, 0x0000000085c00000, 0x0000000085d00000|  0%| F|  |TAMS 0x0000000085c00000| PB 0x0000000085c00000| Untracked 
|  53|0x0000000085d00000, 0x0000000085d00000, 0x0000000085e00000|  0%| F|  |TAMS 0x0000000085d00000| PB 0x0000000085d00000| Untracked 
|  54|0x0000000085e00000, 0x0000000085e00000, 0x0000000085f00000|  0%| F|  |TAMS 0x0000000085e00000| PB 0x0000000085e00000| Untracked 
|  55|0x0000000085f00000, 0x0000000085f00000, 0x0000000086000000|  0%| F|  |TAMS 0x0000000085f00000| PB 0x0000000085f00000| Untracked 
|  56|0x0000000086000000, 0x0000000086000000, 0x0000000086100000|  0%| F|  |TAMS 0x0000000086000000| PB 0x0000000086000000| Untracked 
|  57|0x0000000086100000, 0x0000000086100000, 0x0000000086200000|  0%| F|  |TAMS 0x0000000086100000| PB 0x0000000086100000| Untracked 
|  98|0x0000000088a00000, 0x0000000088a00000, 0x0000000088b00000|  0%| F|  |TAMS 0x0000000088a00000| PB 0x0000000088a00000| Untracked 
|  99|0x0000000088b00000, 0x0000000088ba9998, 0x0000000088c00000| 66%| E|  |TAMS 0x0000000088b00000| PB 0x0000000088b00000| Complete 
| 124|0x000000008a400000, 0x000000008a500000, 0x000000008a500000|100%| E|CS|TAMS 0x000000008a400000| PB 0x000000008a400000| Complete 
| 125|0x000000008a500000, 0x000000008a600000, 0x000000008a600000|100%| E|CS|TAMS 0x000000008a500000| PB 0x000000008a500000| Complete 

Card table byte_map: [0x000002277f8f0000,0x000002277fce0000] _byte_map_base: 0x000002277f4dc000

Marking Bits: (CMBitMap*) 0x00000227797f0010
 Bits: [0x000002270f000000, 0x0000022710f60000)

Polling page: 0x0000022779850000

Metaspace:

Usage:
  Non-class:     74.51 MB used.
      Class:     10.57 MB used.
       Both:     85.07 MB used.

Virtual space:
  Non-class space:      128.00 MB reserved,      74.94 MB ( 59%) committed,  2 nodes.
      Class space:        1.00 GB reserved,      10.88 MB (  1%) committed,  1 nodes.
             Both:        1.12 GB reserved,      85.81 MB (  7%) committed. 

Chunk freelists:
   Non-Class:  4.90 MB
       Class:  5.14 MB
        Both:  10.04 MB

MaxMetaspaceSize: unlimited
CompressedClassSpaceSize: 1.00 GB
Initial GC threshold: 21.00 MB
Current GC threshold: 141.50 MB
CDS: off
 - commit_granule_bytes: 65536.
 - commit_granule_words: 8192.
 - virtual_space_node_default_size: 8388608.
 - enlarge_chunks_in_place: 1.
 - use_allocation_guard: 0.


Internal statistics:

num_allocs_failed_limit: 9.
num_arena_births: 1030.
num_arena_deaths: 2.
num_vsnodes_births: 3.
num_vsnodes_deaths: 0.
num_space_committed: 1373.
num_space_uncommitted: 0.
num_chunks_returned_to_freelist: 12.
num_chunks_taken_from_freelist: 3794.
num_chunk_merges: 9.
num_chunk_splits: 2670.
num_chunks_enlarged: 2062.
num_inconsistent_stats: 0.

CodeHeap 'non-profiled nmethods': size=120000Kb used=4960Kb max_used=4960Kb free=115039Kb
 bounds [0x0000022707ad0000, 0x0000022707fb0000, 0x000002270f000000]
CodeHeap 'profiled nmethods': size=120000Kb used=16221Kb max_used=16221Kb free=103778Kb
 bounds [0x0000022700000000, 0x0000022700ff0000, 0x0000022707530000]
CodeHeap 'non-nmethods': size=5760Kb used=1767Kb max_used=1848Kb free=3992Kb
 bounds [0x0000022707530000, 0x00000227077a0000, 0x0000022707ad0000]
 total_blobs=8727 nmethods=7953 adapters=677
 compilation: enabled
              stopped_count=0, restarted_count=0
 full_count=0

Compilation events (20 events):
Event: 2057.690 Thread 0x00000227138210a0 nmethod 10722 0x00000227006dcc10 code [0x00000227006dcdc0, 0x00000227006dcf20]
Event: 2057.690 Thread 0x00000227138210a0 10725       3       java.util.concurrent.LinkedBlockingQueue::dequeue (32 bytes)
Event: 2057.690 Thread 0x00000227138210a0 nmethod 10725 0x000002270077fc90 code [0x000002270077fe40, 0x0000022700780048]
Event: 2057.690 Thread 0x00000227138210a0 10726       3       java.util.concurrent.atomic.AtomicInteger::getAndDecrement (12 bytes)
Event: 2057.690 Thread 0x00000227138210a0 nmethod 10726 0x0000022700a25990 code [0x0000022700a25b20, 0x0000022700a25c38]
Event: 2057.690 Thread 0x00000227138210a0 10723       3       sun.nio.ch.WEPollSelectorImpl::toReadyOps (58 bytes)
Event: 2057.690 Thread 0x00000227138210a0 nmethod 10723 0x0000022700750e90 code [0x0000022700751040, 0x0000022700751228]
Event: 2057.691 Thread 0x00000227138210a0 10724       3       sun.nio.ch.SelectorImpl::processReadyEvents (115 bytes)
Event: 2057.691 Thread 0x0000022713820600 10727       4       java.io.File::<init> (111 bytes)
Event: 2057.692 Thread 0x00000227138210a0 nmethod 10724 0x0000022700fe4810 code [0x0000022700fe4aa0, 0x0000022700fe55b0]
Event: 2057.721 Thread 0x0000022713820600 nmethod 10727 0x0000022707fa6d90 code [0x0000022707fa6fe0, 0x0000022707fa7950]
Event: 2057.742 Thread 0x00000227138210a0 10728       3       org.apache.tomcat.util.buf.ByteChunk::indexOf (38 bytes)
Event: 2057.742 Thread 0x00000227138210a0 nmethod 10728 0x0000022700a9c690 code [0x0000022700a9c840, 0x0000022700a9cb18]
Event: 2057.743 Thread 0x0000022713820600 10729   !   4       jdk.internal.loader.URLClassPath$FileLoader::getResource (153 bytes)
Event: 2057.745 Thread 0x00000227138210a0 10730       3       org.hibernate.internal.JdbcObserverImpl::jdbcReleaseRegistryResourcesStart (10 bytes)
Event: 2057.745 Thread 0x00000227138210a0 nmethod 10730 0x0000022700782290 code [0x0000022700782440, 0x0000022700782610]
Event: 2057.750 Thread 0x00000227138210a0 10733       3       org.springframework.boot.web.server.MimeMappings$Mapping::<init> (27 bytes)
Event: 2057.750 Thread 0x00000227138210a0 nmethod 10733 0x0000022700fe5910 code [0x0000022700fe5b00, 0x0000022700fe5fd8]
Event: 2057.751 Thread 0x00000227138210a0 10734       3       com.fasterxml.jackson.core.json.UTF8JsonGenerator::_flushBuffer (28 bytes)
Event: 2057.752 Thread 0x00000227138210a0 nmethod 10734 0x00000227007a2e90 code [0x00000227007a3040, 0x00000227007a3260]

GC Heap History (20 events):
Event: 84.703 GC heap before
{Heap before GC invocations=23 (full 1):
 garbage-first heap   total 61440K, used 51005K [0x0000000082800000, 0x0000000100000000)
  region size 1024K, 24 young (24576K), 0 survivors (0K)
 Metaspace       used 81070K, committed 81856K, reserved 1179648K
  class space    used 10267K, committed 10624K, reserved 1048576K
}
Event: 84.706 GC heap after
{Heap after GC invocations=24 (full 1):
 garbage-first heap   total 61440K, used 29168K [0x0000000082800000, 0x0000000100000000)
  region size 1024K, 3 young (3072K), 3 survivors (3072K)
 Metaspace       used 81070K, committed 81856K, reserved 1179648K
  class space    used 10267K, committed 10624K, reserved 1048576K
}
Event: 85.039 GC heap before
{Heap before GC invocations=25 (full 1):
 garbage-first heap   total 61440K, used 50672K [0x0000000082800000, 0x0000000100000000)
  region size 1024K, 25 young (25600K), 3 survivors (3072K)
 Metaspace       used 81495K, committed 82240K, reserved 1179648K
  class space    used 10281K, committed 10624K, reserved 1048576K
}
Event: 85.042 GC heap after
{Heap after GC invocations=26 (full 1):
 garbage-first heap   total 61440K, used 30671K [0x0000000082800000, 0x0000000100000000)
  region size 1024K, 2 young (2048K), 2 survivors (2048K)
 Metaspace       used 81495K, committed 82240K, reserved 1179648K
  class space    used 10281K, committed 10624K, reserved 1048576K
}
Event: 85.143 GC heap before
{Heap before GC invocations=26 (full 1):
 garbage-first heap   total 61440K, used 52175K [0x0000000082800000, 0x0000000100000000)
  region size 1024K, 23 young (23552K), 2 survivors (2048K)
 Metaspace       used 81725K, committed 82432K, reserved 1179648K
  class space    used 10287K, committed 10624K, reserved 1048576K
}
Event: 85.146 GC heap after
{Heap after GC invocations=27 (full 1):
 garbage-first heap   total 61440K, used 31958K [0x0000000082800000, 0x0000000100000000)
  region size 1024K, 2 young (2048K), 2 survivors (2048K)
 Metaspace       used 81725K, committed 82432K, reserved 1179648K
  class space    used 10287K, committed 10624K, reserved 1048576K
}
Event: 180.495 GC heap before
{Heap before GC invocations=27 (full 1):
 garbage-first heap   total 61440K, used 52438K [0x0000000082800000, 0x0000000100000000)
  region size 1024K, 22 young (22528K), 2 survivors (2048K)
 Metaspace       used 82283K, committed 82944K, reserved 1179648K
  class space    used 10313K, committed 10624K, reserved 1048576K
}
Event: 180.498 GC heap after
{Heap after GC invocations=28 (full 1):
 garbage-first heap   total 61440K, used 34204K [0x0000000082800000, 0x0000000100000000)
  region size 1024K, 3 young (3072K), 3 survivors (3072K)
 Metaspace       used 82283K, committed 82944K, reserved 1179648K
  class space    used 10313K, committed 10624K, reserved 1048576K
}
Event: 318.957 GC heap before
{Heap before GC invocations=29 (full 1):
 garbage-first heap   total 63488K, used 52636K [0x0000000082800000, 0x0000000100000000)
  region size 1024K, 21 young (21504K), 3 survivors (3072K)
 Metaspace       used 83054K, committed 83840K, reserved 1179648K
  class space    used 10334K, committed 10688K, reserved 1048576K
}
Event: 318.959 GC heap after
{Heap after GC invocations=30 (full 1):
 garbage-first heap   total 63488K, used 34840K [0x0000000082800000, 0x0000000100000000)
  region size 1024K, 1 young (1024K), 1 survivors (1024K)
 Metaspace       used 83054K, committed 83840K, reserved 1179648K
  class space    used 10334K, committed 10688K, reserved 1048576K
}
Event: 548.751 GC heap before
{Heap before GC invocations=30 (full 1):
 garbage-first heap   total 63488K, used 54296K [0x0000000082800000, 0x0000000100000000)
  region size 1024K, 21 young (21504K), 1 survivors (1024K)
 Metaspace       used 85542K, committed 86272K, reserved 1179648K
  class space    used 10711K, committed 11008K, reserved 1048576K
}
Event: 548.755 GC heap after
{Heap after GC invocations=31 (full 1):
 garbage-first heap   total 63488K, used 34098K [0x0000000082800000, 0x0000000100000000)
  region size 1024K, 1 young (1024K), 1 survivors (1024K)
 Metaspace       used 85542K, committed 86272K, reserved 1179648K
  class space    used 10711K, committed 11008K, reserved 1048576K
}
Event: 923.173 GC heap before
{Heap before GC invocations=31 (full 1):
 garbage-first heap   total 63488K, used 55602K [0x0000000082800000, 0x0000000100000000)
  region size 1024K, 23 young (23552K), 1 survivors (1024K)
 Metaspace       used 85775K, committed 86528K, reserved 1179648K
  class space    used 10721K, committed 11072K, reserved 1048576K
}
Event: 923.175 GC heap after
{Heap after GC invocations=32 (full 1):
 garbage-first heap   total 63488K, used 34193K [0x0000000082800000, 0x0000000100000000)
  region size 1024K, 1 young (1024K), 1 survivors (1024K)
 Metaspace       used 85775K, committed 86528K, reserved 1179648K
  class space    used 10721K, committed 11072K, reserved 1048576K
}
Event: 1328.928 GC heap before
{Heap before GC invocations=32 (full 1):
 garbage-first heap   total 63488K, used 56721K [0x0000000082800000, 0x0000000100000000)
  region size 1024K, 24 young (24576K), 1 survivors (1024K)
 Metaspace       used 86102K, committed 86912K, reserved 1179648K
  class space    used 10723K, committed 11072K, reserved 1048576K
}
Event: 1328.931 GC heap after
{Heap after GC invocations=33 (full 1):
 garbage-first heap   total 63488K, used 34107K [0x0000000082800000, 0x0000000100000000)
  region size 1024K, 1 young (1024K), 1 survivors (1024K)
 Metaspace       used 86102K, committed 86912K, reserved 1179648K
  class space    used 10723K, committed 11072K, reserved 1048576K
}
Event: 1670.184 GC heap before
{Heap before GC invocations=34 (full 1):
 garbage-first heap   total 63488K, used 56635K [0x0000000082800000, 0x0000000100000000)
  region size 1024K, 24 young (24576K), 1 survivors (1024K)
 Metaspace       used 86988K, committed 87680K, reserved 1179648K
  class space    used 10820K, committed 11136K, reserved 1048576K
}
Event: 1670.187 GC heap after
{Heap after GC invocations=35 (full 1):
 garbage-first heap   total 63488K, used 34340K [0x0000000082800000, 0x0000000100000000)
  region size 1024K, 2 young (2048K), 2 survivors (2048K)
 Metaspace       used 86988K, committed 87680K, reserved 1179648K
  class space    used 10820K, committed 11136K, reserved 1048576K
}
Event: 2021.050 GC heap before
{Heap before GC invocations=35 (full 1):
 garbage-first heap   total 63488K, used 54820K [0x0000000082800000, 0x0000000100000000)
  region size 1024K, 23 young (23552K), 2 survivors (2048K)
 Metaspace       used 87105K, committed 87872K, reserved 1179648K
  class space    used 10821K, committed 11136K, reserved 1048576K
}
Event: 2021.055 GC heap after
{Heap after GC invocations=36 (full 1):
 garbage-first heap   total 63488K, used 34295K [0x0000000082800000, 0x0000000100000000)
  region size 1024K, 2 young (2048K), 2 survivors (2048K)
 Metaspace       used 87105K, committed 87872K, reserved 1179648K
  class space    used 10821K, committed 11136K, reserved 1048576K
}

Dll operation events (11 events):
Event: 0.006 Loaded shared library O:\APPS\sts-4.21.0.RELEASE\plugins\org.eclipse.justj.openjdk.hotspot.jre.full.win32.x86_64_21.0.2.v20240123-0840\jre\bin\java.dll
Event: 0.009 Loaded shared library O:\APPS\sts-4.21.0.RELEASE\plugins\org.eclipse.justj.openjdk.hotspot.jre.full.win32.x86_64_21.0.2.v20240123-0840\jre\bin\zip.dll
Event: 0.133 Loaded shared library O:\APPS\sts-4.21.0.RELEASE\plugins\org.eclipse.justj.openjdk.hotspot.jre.full.win32.x86_64_21.0.2.v20240123-0840\jre\bin\net.dll
Event: 0.136 Loaded shared library O:\APPS\sts-4.21.0.RELEASE\plugins\org.eclipse.justj.openjdk.hotspot.jre.full.win32.x86_64_21.0.2.v20240123-0840\jre\bin\nio.dll
Event: 0.146 Loaded shared library O:\APPS\sts-4.21.0.RELEASE\plugins\org.eclipse.justj.openjdk.hotspot.jre.full.win32.x86_64_21.0.2.v20240123-0840\jre\bin\zip.dll
Event: 0.255 Loaded shared library O:\APPS\sts-4.21.0.RELEASE\plugins\org.eclipse.justj.openjdk.hotspot.jre.full.win32.x86_64_21.0.2.v20240123-0840\jre\bin\jimage.dll
Event: 0.447 Loaded shared library O:\APPS\sts-4.21.0.RELEASE\plugins\org.eclipse.justj.openjdk.hotspot.jre.full.win32.x86_64_21.0.2.v20240123-0840\jre\bin\management.dll
Event: 0.449 Loaded shared library O:\APPS\sts-4.21.0.RELEASE\plugins\org.eclipse.justj.openjdk.hotspot.jre.full.win32.x86_64_21.0.2.v20240123-0840\jre\bin\management_ext.dll
Event: 0.991 Loaded shared library O:\APPS\sts-4.21.0.RELEASE\plugins\org.eclipse.justj.openjdk.hotspot.jre.full.win32.x86_64_21.0.2.v20240123-0840\jre\bin\sunmscapi.dll
Event: 2.381 Loaded shared library O:\APPS\sts-4.21.0.RELEASE\plugins\org.eclipse.justj.openjdk.hotspot.jre.full.win32.x86_64_21.0.2.v20240123-0840\jre\bin\verify.dll
Event: 2.579 Loaded shared library O:\APPS\sts-4.21.0.RELEASE\plugins\org.eclipse.justj.openjdk.hotspot.jre.full.win32.x86_64_21.0.2.v20240123-0840\jre\bin\extnet.dll

Deoptimization events (20 events):
Event: 1859.448 Thread 0x000002271b3e7300 DEOPT PACKING pc=0x000002270008e590 sp=0x000000a9b0dfddb0
Event: 1859.448 Thread 0x000002271b3e7300 DEOPT UNPACKING pc=0x0000022707584e42 sp=0x000000a9b0dfd250 mode 0
Event: 1865.561 Thread 0x000002271b3e7300 DEOPT PACKING pc=0x00000227008cf127 sp=0x000000a9b0dfde70
Event: 1865.561 Thread 0x000002271b3e7300 DEOPT UNPACKING pc=0x0000022707584e42 sp=0x000000a9b0dfd2e8 mode 0
Event: 1865.561 Thread 0x000002271b3e7300 DEOPT PACKING pc=0x00000227003f667a sp=0x000000a9b0dfdef0
Event: 1865.561 Thread 0x000002271b3e7300 DEOPT UNPACKING pc=0x0000022707584e42 sp=0x000000a9b0dfd370 mode 0
Event: 1867.858 Thread 0x000002271b3e7300 DEOPT PACKING pc=0x00000227008dd2e8 sp=0x000000a9b0dfdc70
Event: 1867.858 Thread 0x000002271b3e7300 DEOPT UNPACKING pc=0x0000022707584e42 sp=0x000000a9b0dfd0e0 mode 0
Event: 1871.185 Thread 0x000002271b3e7300 DEOPT PACKING pc=0x000002270029e8a4 sp=0x000000a9b0dfdd40
Event: 1871.185 Thread 0x000002271b3e7300 DEOPT UNPACKING pc=0x0000022707584e42 sp=0x000000a9b0dfd1c0 mode 0
Event: 1882.042 Thread 0x000002271b3e7300 DEOPT PACKING pc=0x00000227008edcb3 sp=0x000000a9b0dfd830
Event: 1882.042 Thread 0x000002271b3e7300 DEOPT UNPACKING pc=0x0000022707584e42 sp=0x000000a9b0dfcca0 mode 0
Event: 1883.738 Thread 0x000002271b3e7300 DEOPT PACKING pc=0x00000227003063ef sp=0x000000a9b0dfddd0
Event: 1883.738 Thread 0x000002271b3e7300 DEOPT UNPACKING pc=0x0000022707584e42 sp=0x000000a9b0dfd268 mode 0
Event: 1883.741 Thread 0x000002271b3e7300 DEOPT PACKING pc=0x00000227009160ff sp=0x000000a9b0dfdc60
Event: 1883.741 Thread 0x000002271b3e7300 DEOPT UNPACKING pc=0x0000022707584e42 sp=0x000000a9b0dfd188 mode 0
Event: 2057.585 Thread 0x000002271d2a98f0 DEOPT PACKING pc=0x0000022700eb17d5 sp=0x000000a9b3dfbc10
Event: 2057.585 Thread 0x000002271d2a98f0 DEOPT UNPACKING pc=0x0000022707584e42 sp=0x000000a9b3dfb080 mode 0
Event: 2057.749 Thread 0x000002271d2a9260 DEOPT PACKING pc=0x0000022700894122 sp=0x000000a9b39fc6a0
Event: 2057.749 Thread 0x000002271d2a9260 DEOPT UNPACKING pc=0x0000022707584e42 sp=0x000000a9b39fbbb0 mode 0

Classes loaded (20 events):
Event: 83.564 Loading class sun/net/ConnectionResetException
Event: 83.565 Loading class sun/net/ConnectionResetException done
Event: 84.239 Loading class java/util/concurrent/locks/AbstractQueuedSynchronizer$SharedNode
Event: 84.240 Loading class java/util/concurrent/locks/AbstractQueuedSynchronizer$SharedNode done
Event: 84.247 Loading class sun/security/ssl/Alert
Event: 84.247 Loading class sun/security/ssl/Alert done
Event: 84.248 Loading class sun/security/ssl/Alert$AlertConsumer
Event: 84.248 Loading class sun/security/ssl/Alert$AlertConsumer done
Event: 84.248 Loading class sun/security/ssl/Alert$Level
Event: 84.248 Loading class sun/security/ssl/Alert$Level done
Event: 84.300 Loading class java/lang/ref/Finalizer$2
Event: 84.300 Loading class java/lang/ref/Finalizer$2 done
Event: 84.300 Loading class java/lang/ref/Finalizer$1
Event: 84.300 Loading class java/lang/ref/Finalizer$1 done
Event: 898.391 Loading class java/io/WriteAbortedException
Event: 898.391 Loading class java/io/WriteAbortedException done
Event: 898.391 Loading class sun/security/provider/SecureRandom
Event: 898.392 Loading class sun/security/provider/SecureRandom done
Event: 898.392 Loading class sun/security/provider/SecureRandom$SeederHolder
Event: 898.392 Loading class sun/security/provider/SecureRandom$SeederHolder done

Classes unloaded (1 events):
Event: 84.270 Thread 0x00000227137d0a70 Unloading class 0x0000000100a24400 'java/lang/invoke/LambdaForm$DMH+0x0000000100a24400'

Classes redefined (0 events):
No events

Internal exceptions (20 events):
Event: 84.673 Thread 0x000002271d2aaca0 Exception <a 'java/lang/NoClassDefFoundError'{0x0000000084eacfc0}: liquibase/integration/spring/SpringLiquibase> (0x0000000084eacfc0) 
thrown [s\src\hotspot\share\oops\constantPool.cpp, line 871]
Event: 84.677 Thread 0x000002271d2aaca0 Exception <a 'java/lang/NoClassDefFoundError'{0x0000000084eff310}: org/jooq/DSLContext> (0x0000000084eff310) 
thrown [s\src\hotspot\share\oops\constantPool.cpp, line 871]
Event: 84.678 Thread 0x000002271d2aaca0 Exception <a 'java/lang/NoClassDefFoundError'{0x0000000084d07a30}: org/springframework/batch/core/repository/JobRepository> (0x0000000084d07a30) 
thrown [s\src\hotspot\share\oops\constantPool.cpp, line 871]
Event: 84.678 Thread 0x000002271d2aaca0 Exception <a 'java/lang/NoClassDefFoundError'{0x0000000084d08088}: org/quartz/Scheduler> (0x0000000084d08088) 
thrown [s\src\hotspot\share\oops\constantPool.cpp, line 871]
Event: 84.678 Thread 0x000002271d2aaca0 Exception <a 'java/lang/NoClassDefFoundError'{0x0000000084d08708}: org/springframework/session/jdbc/JdbcIndexedSessionRepository> (0x0000000084d08708) 
thrown [s\src\hotspot\share\oops\constantPool.cpp, line 871]
Event: 84.682 Thread 0x000002271d2aaca0 Implicit null exception at 0x0000022707cb2cc0 to 0x0000022707cb5260
Event: 84.761 Thread 0x000002271d2aaca0 Exception <a 'java/io/FileNotFoundException'{0x0000000085f494e0}> (0x0000000085f494e0) 
thrown [s\src\hotspot\share\prims\jni.cpp, line 520]
Event: 84.783 Thread 0x000002271d2aaca0 Exception <a 'java/io/FileNotFoundException'{0x0000000085efd508}> (0x0000000085efd508) 
thrown [s\src\hotspot\share\prims\jni.cpp, line 520]
Event: 132.128 Thread 0x000002271d2a9260 Exception <a 'java/io/IOException'{0x00000000854fcd20}> (0x00000000854fcd20) 
thrown [s\src\hotspot\share\prims\jni.cpp, line 520]
Event: 132.468 Thread 0x000002271d2ab330 Exception <a 'java/io/IOException'{0x00000000853d50e8}> (0x00000000853d50e8) 
thrown [s\src\hotspot\share\prims\jni.cpp, line 520]
Event: 328.583 Thread 0x000002271d2a98f0 Exception <a 'java/lang/NoSuchMethodError'{0x0000000085f73af0}: 'void java.lang.invoke.DirectMethodHandle$Holder.invokeSpecialIFC(java.lang.Object, java.lang.Object, int, java.lang.Object, java.lang.Object, java.lang.Object, java.lang.Object)'> (0x0000000085f73af0) 
thrown [s\src\hotspot\share\interpreter\linkResolver.cpp, line 773]
Event: 328.605 Thread 0x000002271d2a98f0 Exception <a 'java/lang/NoSuchMethodError'{0x0000000085eea9e0}: 'void java.lang.invoke.Invokers$Holder.invokeExact_MT(java.lang.Object, java.lang.Object, int, java.lang.Object)'> (0x0000000085eea9e0) 
thrown [s\src\hotspot\share\interpreter\linkResolver.cpp, line 773]
Event: 1616.140 Thread 0x000002271d2ae120 Exception <a 'java/lang/NoSuchMethodError'{0x00000000854ed748}: 'java.lang.Object java.lang.invoke.DirectMethodHandle$Holder.invokeInterface(java.lang.Object, java.lang.Object, java.lang.Object, java.lang.Object)'> (0x00000000854ed748) 
thrown [s\src\hotspot\share\interpreter\linkResolver.cpp, line 773]
Event: 1616.155 Thread 0x000002271d2ae120 Exception <a 'java/lang/IncompatibleClassChangeError'{0x00000000853881e8}: Found class java.lang.Object, but interface was expected> (0x00000000853881e8) 
thrown [s\src\hotspot\share\interpreter\linkResolver.cpp, line 840]
Event: 1616.207 Thread 0x000002271d2ae120 Implicit null exception at 0x0000022707f2eeb1 to 0x0000022707f2f8a8
Event: 1859.442 Thread 0x000002271b3e9a60 Exception <a 'java/net/SocketException'{0x0000000085c97210}: Connection reset by peer: shutdown> (0x0000000085c97210) 
thrown [s\src\hotspot\share\prims\jni.cpp, line 539]
Event: 1865.622 Thread 0x000002271b3e9a60 Exception <a 'java/io/IOException'{0x0000000085c9ac78}> (0x0000000085c9ac78) 
thrown [s\src\hotspot\share\prims\jni.cpp, line 520]
Event: 1865.622 Thread 0x000002271b3e9a60 Exception <a 'java/io/IOException'{0x0000000085a067b0}> (0x0000000085a067b0) 
thrown [s\src\hotspot\share\prims\jni.cpp, line 520]
Event: 1871.176 Thread 0x000002271b3e9a60 Exception <a 'java/io/IOException'{0x0000000085a09a30}> (0x0000000085a09a30) 
thrown [s\src\hotspot\share\prims\jni.cpp, line 520]
Event: 1871.176 Thread 0x000002271b3e9a60 Exception <a 'java/io/IOException'{0x0000000085a0a650}> (0x0000000085a0a650) 
thrown [s\src\hotspot\share\prims\jni.cpp, line 520]

ZGC Phase Switch (0 events):
No events

VM Operations (20 events):
Event: 1743.302 Executing VM operation: RendezvousGCThreads
Event: 1743.302 Executing VM operation: RendezvousGCThreads done
Event: 1860.360 Executing VM operation: Cleanup
Event: 1860.360 Executing VM operation: Cleanup done
Event: 1863.361 Executing VM operation: Cleanup
Event: 1863.361 Executing VM operation: Cleanup done
Event: 1866.362 Executing VM operation: Cleanup
Event: 1866.362 Executing VM operation: Cleanup done
Event: 1871.364 Executing VM operation: Cleanup
Event: 1871.364 Executing VM operation: Cleanup done
Event: 1881.371 Executing VM operation: Cleanup
Event: 1881.371 Executing VM operation: Cleanup done
Event: 1883.371 Executing VM operation: Cleanup
Event: 1883.371 Executing VM operation: Cleanup done
Event: 1884.371 Executing VM operation: Cleanup
Event: 1884.372 Executing VM operation: Cleanup done
Event: 1944.434 Executing VM operation: Cleanup
Event: 1944.434 Executing VM operation: Cleanup done
Event: 2021.050 Executing VM operation: G1CollectForAllocation (G1 Evacuation Pause)
Event: 2021.055 Executing VM operation: G1CollectForAllocation (G1 Evacuation Pause) done

Events (20 events):
Event: 1328.963 Thread 0x00000227137d0a70 flushing nmethod 0x0000022707b3da10
Event: 1328.963 Thread 0x00000227137d0a70 flushing nmethod 0x0000022707b29c90
Event: 1328.963 Thread 0x00000227137d0a70 flushing nmethod 0x0000022707b0a990
Event: 1328.963 Thread 0x00000227137d0a70 flushing nmethod 0x0000022707b27e10
Event: 1328.963 Thread 0x00000227137d0a70 flushing nmethod 0x0000022707b02a10
Event: 1328.963 Thread 0x00000227137d0a70 flushing nmethod 0x0000022707b01b10
Event: 1328.963 Thread 0x00000227137d0a70 flushing nmethod 0x0000022707ae6a10
Event: 1328.963 Thread 0x00000227137d0a70 flushing nmethod 0x0000022707ad0a10
Event: 1859.441 Thread 0x000002271b3e9a60 Thread added: 0x000002271b3e9a60
Event: 1859.441 Thread 0x000002271b3e7300 Thread added: 0x000002271b3e7300
Event: 1859.448 Thread 0x000002271922cd70 Thread added: 0x000002271922cd70
Event: 1863.019 Thread 0x000002271922cd70 Thread exited: 0x000002271922cd70
Event: 1863.022 Thread 0x000002271922cd70 Thread added: 0x000002271922cd70
Event: 1871.175 Thread 0x000002271922cd70 Thread exited: 0x000002271922cd70
Event: 1876.178 Thread 0x000002271b3e9a60 Thread exited: 0x000002271b3e9a60
Event: 1876.200 Thread 0x000002271b3e7300 Thread exited: 0x000002271b3e7300
Event: 1881.167 Thread 0x000002271b3e9a60 Thread added: 0x000002271b3e9a60
Event: 1881.167 Thread 0x000002271b3e7300 Thread added: 0x000002271b3e7300
Event: 1888.734 Thread 0x000002271b3e9a60 Thread exited: 0x000002271b3e9a60
Event: 1888.757 Thread 0x000002271b3e7300 Thread exited: 0x000002271b3e7300


Dynamic libraries:
0x00007ff74adc0000 - 0x00007ff74adce000 	O:\APPS\sts-4.21.0.RELEASE\plugins\org.eclipse.justj.openjdk.hotspot.jre.full.win32.x86_64_21.0.2.v20240123-0840\jre\bin\javaw.exe
0x00007ffcf6210000 - 0x00007ffcf6426000 	C:\WINDOWS\SYSTEM32\ntdll.dll
0x00007ffcf5270000 - 0x00007ffcf5334000 	C:\WINDOWS\System32\KERNEL32.DLL
0x00007ffcf3a10000 - 0x00007ffcf3db6000 	C:\WINDOWS\System32\KERNELBASE.dll
0x00007ffcf3550000 - 0x00007ffcf3661000 	C:\WINDOWS\System32\ucrtbase.dll
0x00007ffcef2a0000 - 0x00007ffcef2b8000 	O:\APPS\sts-4.21.0.RELEASE\plugins\org.eclipse.justj.openjdk.hotspot.jre.full.win32.x86_64_21.0.2.v20240123-0840\jre\bin\jli.dll
0x00007ffce4710000 - 0x00007ffce472b000 	O:\APPS\sts-4.21.0.RELEASE\plugins\org.eclipse.justj.openjdk.hotspot.jre.full.win32.x86_64_21.0.2.v20240123-0840\jre\bin\VCRUNTIME140.dll
0x00007ffcf4630000 - 0x00007ffcf47dd000 	C:\WINDOWS\System32\USER32.dll
0x00007ffcf3f30000 - 0x00007ffcf3f56000 	C:\WINDOWS\System32\win32u.dll
0x00007ffcdeb90000 - 0x00007ffcdee23000 	C:\WINDOWS\WinSxS\amd64_microsoft.windows.common-controls_6595b64144ccf1df_6.0.22621.3235_none_270f74e173860f98\COMCTL32.dll
0x00007ffcf42e0000 - 0x00007ffcf4387000 	C:\WINDOWS\System32\msvcrt.dll
0x00007ffcf4450000 - 0x00007ffcf4479000 	C:\WINDOWS\System32\GDI32.dll
0x00007ffcf3670000 - 0x00007ffcf3788000 	C:\WINDOWS\System32\gdi32full.dll
0x00007ffcf3790000 - 0x00007ffcf382a000 	C:\WINDOWS\System32\msvcp_win.dll
0x00007ffcf51b0000 - 0x00007ffcf51e1000 	C:\WINDOWS\System32\IMM32.DLL
0x00007ffcef290000 - 0x00007ffcef29c000 	O:\APPS\sts-4.21.0.RELEASE\plugins\org.eclipse.justj.openjdk.hotspot.jre.full.win32.x86_64_21.0.2.v20240123-0840\jre\bin\vcruntime140_1.dll
0x00007ffcda5e0000 - 0x00007ffcda66e000 	O:\APPS\sts-4.21.0.RELEASE\plugins\org.eclipse.justj.openjdk.hotspot.jre.full.win32.x86_64_21.0.2.v20240123-0840\jre\bin\msvcp140.dll
0x00007ffc8cd70000 - 0x00007ffc8daf3000 	O:\APPS\sts-4.21.0.RELEASE\plugins\org.eclipse.justj.openjdk.hotspot.jre.full.win32.x86_64_21.0.2.v20240123-0840\jre\bin\server\jvm.dll
0x00007ffcf4390000 - 0x00007ffcf4442000 	C:\WINDOWS\System32\ADVAPI32.dll
0x00007ffcf3fe0000 - 0x00007ffcf4088000 	C:\WINDOWS\System32\sechost.dll
0x00007ffcf3960000 - 0x00007ffcf3988000 	C:\WINDOWS\System32\bcrypt.dll
0x00007ffcf4a40000 - 0x00007ffcf4b55000 	C:\WINDOWS\System32\RPCRT4.dll
0x00007ffcf51f0000 - 0x00007ffcf5261000 	C:\WINDOWS\System32\WS2_32.dll
0x00007ffcf23e0000 - 0x00007ffcf242d000 	C:\WINDOWS\SYSTEM32\POWRPROF.dll
0x00007ffcec800000 - 0x00007ffcec834000 	C:\WINDOWS\SYSTEM32\WINMM.dll
0x00007ffcecd40000 - 0x00007ffcecd4a000 	C:\WINDOWS\SYSTEM32\VERSION.dll
0x00007ffcf23c0000 - 0x00007ffcf23d3000 	C:\WINDOWS\SYSTEM32\UMPDC.dll
0x00007ffcf2680000 - 0x00007ffcf2698000 	C:\WINDOWS\SYSTEM32\kernel.appcore.dll
0x00007ffcee9a0000 - 0x00007ffcee9aa000 	O:\APPS\sts-4.21.0.RELEASE\plugins\org.eclipse.justj.openjdk.hotspot.jre.full.win32.x86_64_21.0.2.v20240123-0840\jre\bin\jimage.dll
0x00007ffcf0ea0000 - 0x00007ffcf10d3000 	C:\WINDOWS\SYSTEM32\DBGHELP.DLL
0x00007ffcf5d40000 - 0x00007ffcf60c8000 	C:\WINDOWS\System32\combase.dll
0x00007ffcf5ba0000 - 0x00007ffcf5c77000 	C:\WINDOWS\System32\OLEAUT32.dll
0x00007ffcd92f0000 - 0x00007ffcd9322000 	C:\WINDOWS\SYSTEM32\dbgcore.DLL
0x00007ffcf3990000 - 0x00007ffcf3a0a000 	C:\WINDOWS\System32\bcryptPrimitives.dll
0x00007ffceca50000 - 0x00007ffceca6f000 	O:\APPS\sts-4.21.0.RELEASE\plugins\org.eclipse.justj.openjdk.hotspot.jre.full.win32.x86_64_21.0.2.v20240123-0840\jre\bin\java.dll
0x00007ffcec950000 - 0x00007ffcec968000 	O:\APPS\sts-4.21.0.RELEASE\plugins\org.eclipse.justj.openjdk.hotspot.jre.full.win32.x86_64_21.0.2.v20240123-0840\jre\bin\zip.dll
0x00007ffcf5340000 - 0x00007ffcf5b9c000 	C:\WINDOWS\System32\SHELL32.dll
0x00007ffcf14c0000 - 0x00007ffcf1db8000 	C:\WINDOWS\SYSTEM32\windows.storage.dll
0x00007ffcf1380000 - 0x00007ffcf14be000 	C:\WINDOWS\SYSTEM32\wintypes.dll
0x00007ffcf5000000 - 0x00007ffcf50f3000 	C:\WINDOWS\System32\SHCORE.dll
0x00007ffcf5c80000 - 0x00007ffcf5cde000 	C:\WINDOWS\System32\shlwapi.dll
0x00007ffcf3480000 - 0x00007ffcf34a6000 	C:\WINDOWS\SYSTEM32\profapi.dll
0x00007ffcee2a0000 - 0x00007ffcee2b0000 	O:\APPS\sts-4.21.0.RELEASE\plugins\org.eclipse.justj.openjdk.hotspot.jre.full.win32.x86_64_21.0.2.v20240123-0840\jre\bin\net.dll
0x00007ffced300000 - 0x00007ffced437000 	C:\WINDOWS\SYSTEM32\WINHTTP.dll
0x00007ffcf2b00000 - 0x00007ffcf2b69000 	C:\WINDOWS\system32\mswsock.dll
0x00007ffcec930000 - 0x00007ffcec946000 	O:\APPS\sts-4.21.0.RELEASE\plugins\org.eclipse.justj.openjdk.hotspot.jre.full.win32.x86_64_21.0.2.v20240123-0840\jre\bin\nio.dll
0x00007ffcec920000 - 0x00007ffcec92a000 	O:\APPS\sts-4.21.0.RELEASE\plugins\org.eclipse.justj.openjdk.hotspot.jre.full.win32.x86_64_21.0.2.v20240123-0840\jre\bin\management.dll
0x00007ffce4700000 - 0x00007ffce470b000 	O:\APPS\sts-4.21.0.RELEASE\plugins\org.eclipse.justj.openjdk.hotspot.jre.full.win32.x86_64_21.0.2.v20240123-0840\jre\bin\management_ext.dll
0x00007ffcf4110000 - 0x00007ffcf4118000 	C:\WINDOWS\System32\PSAPI.DLL
0x00007ffceca40000 - 0x00007ffceca4e000 	O:\APPS\sts-4.21.0.RELEASE\plugins\org.eclipse.justj.openjdk.hotspot.jre.full.win32.x86_64_21.0.2.v20240123-0840\jre\bin\sunmscapi.dll
0x00007ffcf3dc0000 - 0x00007ffcf3f26000 	C:\WINDOWS\System32\CRYPT32.dll
0x00007ffcf2ef0000 - 0x00007ffcf2f1e000 	C:\WINDOWS\SYSTEM32\ncrypt.dll
0x00007ffcf2eb0000 - 0x00007ffcf2ee7000 	C:\WINDOWS\SYSTEM32\NTASN1.dll
0x00007ffcf2d50000 - 0x00007ffcf2d6b000 	C:\WINDOWS\SYSTEM32\CRYPTSP.dll
0x00007ffcf25e0000 - 0x00007ffcf2615000 	C:\WINDOWS\system32\rsaenh.dll
0x00007ffcf2bf0000 - 0x00007ffcf2c1c000 	C:\WINDOWS\SYSTEM32\USERENV.dll
0x00007ffcf2d70000 - 0x00007ffcf2d7c000 	C:\WINDOWS\SYSTEM32\CRYPTBASE.dll
0x00007ffcf2090000 - 0x00007ffcf20bd000 	C:\WINDOWS\SYSTEM32\IPHLPAPI.DLL
0x00007ffcf4620000 - 0x00007ffcf4629000 	C:\WINDOWS\System32\NSI.dll
0x00007ffcedba0000 - 0x00007ffcedbb0000 	O:\APPS\sts-4.21.0.RELEASE\plugins\org.eclipse.justj.openjdk.hotspot.jre.full.win32.x86_64_21.0.2.v20240123-0840\jre\bin\verify.dll
0x00007ffcf2100000 - 0x00007ffcf21f9000 	C:\WINDOWS\SYSTEM32\DNSAPI.dll
0x00007ffcea740000 - 0x00007ffcea74a000 	C:\Windows\System32\rasadhlp.dll
0x00007ffcebfa0000 - 0x00007ffcec023000 	C:\WINDOWS\System32\fwpuclnt.dll
0x00007ffce41b0000 - 0x00007ffce41b9000 	O:\APPS\sts-4.21.0.RELEASE\plugins\org.eclipse.justj.openjdk.hotspot.jre.full.win32.x86_64_21.0.2.v20240123-0840\jre\bin\extnet.dll
0x00007ffcd6940000 - 0x00007ffcd6948000 	C:\WINDOWS\system32\wshunix.dll

dbghelp: loaded successfully - version: 4.0.5 - missing functions: none
symbol engine: initialized successfully - sym options: 0x614 - pdb path: .;O:\APPS\sts-4.21.0.RELEASE\plugins\org.eclipse.justj.openjdk.hotspot.jre.full.win32.x86_64_21.0.2.v20240123-0840\jre\bin;C:\WINDOWS\SYSTEM32;C:\WINDOWS\WinSxS\amd64_microsoft.windows.common-controls_6595b64144ccf1df_6.0.22621.3235_none_270f74e173860f98;O:\APPS\sts-4.21.0.RELEASE\plugins\org.eclipse.justj.openjdk.hotspot.jre.full.win32.x86_64_21.0.2.v20240123-0840\jre\bin\server

VM Arguments:
jvm_args: -Dfile.encoding=UTF-8 -Dstdout.encoding=UTF-8 -Dstderr.encoding=UTF-8 -XX:+ShowCodeDetailsInExceptionMessages 
java_command: com.music.padanisa.PadanisaApplication
java_class_path (initial): O:\SpringBoot\Padanisa\target\classes;C:\Users\ASUS\.m2\repository\org\springframework\boot\spring-boot-starter-data-jpa\3.2.2\spring-boot-starter-data-jpa-3.2.2.jar;C:\Users\ASUS\.m2\repository\org\springframework\boot\spring-boot-starter-aop\3.2.2\spring-boot-starter-aop-3.2.2.jar;C:\Users\ASUS\.m2\repository\org\springframework\spring-aop\6.1.3\spring-aop-6.1.3.jar;C:\Users\ASUS\.m2\repository\org\aspectj\aspectjweaver\1.9.21\aspectjweaver-1.9.21.jar;C:\Users\ASUS\.m2\repository\org\springframework\boot\spring-boot-starter-jdbc\3.2.2\spring-boot-starter-jdbc-3.2.2.jar;C:\Users\ASUS\.m2\repository\com\zaxxer\HikariCP\5.0.1\HikariCP-5.0.1.jar;C:\Users\ASUS\.m2\repository\org\springframework\spring-jdbc\6.1.3\spring-jdbc-6.1.3.jar;C:\Users\ASUS\.m2\repository\org\hibernate\orm\hibernate-core\6.4.1.Final\hibernate-core-6.4.1.Final.jar;C:\Users\ASUS\.m2\repository\jakarta\persistence\jakarta.persistence-api\3.1.0\jakarta.persistence-api-3.1.0.jar;C:\Users\ASUS\.m2\repository\jakarta\transaction\jakarta.transaction-api\2.0.1\jakarta.transaction-api-2.0.1.jar;C:\Users\ASUS\.m2\repository\org\jboss\logging\jboss-logging\3.5.3.Final\jboss-logging-3.5.3.Final.jar;C:\Users\ASUS\.m2\repository\org\hibernate\common\hibernate-commons-annotations\6.0.6.Final\hibernate-commons-annotations-6.0.6.Final.jar;C:\Users\ASUS\.m2\repository\io\smallrye\jandex\3.1.2\jandex-3.1.2.jar;C:\Users\ASUS\.m2\repository\com\fasterxml\classmate\1.6.0\classmate-1.6.0.jar;C:\Users\ASUS\.m2\repository\net\bytebuddy\byte-buddy\1.14.11\byte-buddy-1.14.11.jar;C:\Users\ASUS\.m2\repository\org\glassfish\jaxb\jaxb-runtime\4.0.4\jaxb-runtime-4.0.4.jar;C:\Users\ASUS\.m2\repository\org\glassfish\jaxb\jaxb-core\4.0.4\jaxb-core-4.0.4.jar;C:\Users\ASUS\.m2\repository\org\eclipse\angus\angus-activation\2.0.1\angus-activation-2.0.1.jar;C:\Users\ASUS\.m2\repository\org\glassfish\jaxb\txw2\4.0.4\txw2-4.0.4.jar;C:\Users\ASUS\.m2\repository\com\sun\istack\istack-commons-runtime\4.1.2\istack-commons-runtime-4.1.2.jar;C:\Users\ASUS\.m2\repository\jakarta\inject\jakarta.inject-api\2.0.1\jakarta.inject-api-2.0.1.jar;C:\Users\ASUS\.m2\repository\org\antlr\antlr4-runtime\4.13.0\antlr4-runtime-4.13.0.jar;C:\Users\ASUS\.m2\repository\org\springframework\data\spring-data-jpa\3.2.2\spring-data-jpa-3.2.2.jar;C:\Users\ASUS\.m2\repository\org\springframework\data\spring-data-commons\3.2.2\spring-data-commons-3.2.2.jar;C:\Users\ASUS\.m2\repository\org\springframework\spring-orm\6.1.3\spring-orm-6.1.3.jar;C:\Users\ASUS\.m2\repository\org\springframework\spring-context\6.1.3\spring-context-6.1.3.jar;C:\Users\ASUS\.m2\repository\org\springframework\spring-tx\6.1.3\spring-tx-6.1.3.jar;C:\Users\ASUS\.m2\repository\org\springframework\spring-beans\6.1.3\spring-beans-6.1.3.jar;C:\Users\ASUS\.m2\repository\jakarta\annotation\jakarta.annotation-api\2.1.1\jakarta.annotation-api-2.1.1.jar;C:\Users\ASUS\.m2\repository\org\slf4j\slf4j-api\2.0.11\slf4j-api-2.0.11.jar;C:\Users\ASUS\.m2\repository\org\springframework\spring-aspects\6.1.3\spring-aspects-6.1.3.jar;C:\Users\ASUS\.m2\repository\org\springframework\boot\spring-boot-starter-thymeleaf\3.2.2\spring-boot-starter-thymeleaf-3.2.2.jar;C:\Users\ASUS\.m2\repository\org\springframework\boot\spring-boot-starter\3.2.2\spring-boot-starter-3.2.2.jar;C:\Users\ASUS\.m2\repository\org\springframework\boot\spring-boot-starter-logging\3.2.2\spring-boot-starter-logging-3.2.2.jar;C:\Users\ASUS\.m2\repository\ch\qos\logback\logback-classic\1.4.14\logback-classic-1.4.14.jar;C:\Users\ASUS\.m2\repository\ch\qos\logback\logback-core\1.4.14\logback-core-1.4.14.jar;C:\Users\ASUS\.m2\repository\org\apache\logging\log4j\log4j-to-slf4j\2.21.1\log4j-to-slf4j-2.21.1.jar;C:\Users\ASUS\.m2\repository\org\apache\logging\log4j\log4j-api\2.21.1\log4j-api-2.21.1.jar;C:\Users\ASUS\.m2\repository\org\slf4j\jul-to-slf4j\2.0.11\jul-to-slf4j-2.0.11.jar;C:\Users\ASUS\.m2\repository\org\yaml\snakeyaml\2.2\snakeyaml-2.2.jar;C:\Users\ASUS\.m2\repository\org\thymeleaf\thymeleaf-spring6\3.1.2.RELEASE\thymeleaf-spring6-3.1.2.RELEASE.jar;C:\Users\ASUS\.m2\repository\org\thymeleaf\thymeleaf\3.1.2.RELEASE\thymeleaf-3.1.2.RELEASE.jar;C:\Users\ASUS\.m2\repository\org\attoparser\attoparser\2.0.7.RELEASE\attoparser-2.0.7.RELEASE.jar;C:\Users\ASUS\.m2\repository\org\unbescape\unbescape\1.1.6.RELEASE\unbescape-1.1.6.RELEASE.jar;C:\Users\ASUS\.m2\repository\org\springframework\boot\spring-boot-starter-web\3.2.2\spring-boot-starter-web-3.2.2.jar;C:\Users\ASUS\.m2\repository\org\springframework\boot\spring-boot-starter-json\3.2.2\spring-boot-starter-json-3.2.2.jar;C:\Users\ASUS\.m2\repository\com\fasterxml\jackson\core\jackson-databind\2.15.3\jackson-databind-2.15.3.jar;C:\Users\ASUS\.m2\repository\com\fasterxml\jackson\core\jackson-annotations\2.15.3\jackson-annotations-2.15.3.jar;C:\Users\ASUS\.m2\repository\com\fasterxml\jackson\core\jackson-core\2.15.3\jackson-core-2.15.3.jar;C:\Users\ASUS\.m2\repository\com\fasterxml\jackson\datatype\jackson-datatype-jdk8\2.15.3\jackson-datatype-jdk8-2.15.3.jar;C:\Users\ASUS\.m2\repository\com\fasterxml\jackson\datatype\jackson-datatype-jsr310\2.15.3\jackson-datatype-jsr310-2.15.3.jar;C:\Users\ASUS\.m2\repository\com\fasterxml\jackson\module\jackson-module-parameter-names\2.15.3\jackson-module-parameter-names-2.15.3.jar;C:\Users\ASUS\.m2\repository\org\springframework\boot\spring-boot-starter-tomcat\3.2.2\spring-boot-starter-tomcat-3.2.2.jar;C:\Users\ASUS\.m2\repository\org\apache\tomcat\embed\tomcat-embed-core\10.1.18\tomcat-embed-core-10.1.18.jar;C:\Users\ASUS\.m2\repository\org\apache\tomcat\embed\tomcat-embed-el\10.1.18\tomcat-embed-el-10.1.18.jar;C:\Users\ASUS\.m2\repository\org\apache\tomcat\embed\tomcat-embed-websocket\10.1.18\tomcat-embed-websocket-10.1.18.jar;C:\Users\ASUS\.m2\repository\org\springframework\spring-web\6.1.3\spring-web-6.1.3.jar;C:\Users\ASUS\.m2\repository\io\micrometer\micrometer-observation\1.12.2\micrometer-observation-1.12.2.jar;C:\Users\ASUS\.m2\repository\io\micrometer\micrometer-commons\1.12.2\micrometer-commons-1.12.2.jar;C:\Users\ASUS\.m2\repository\org\springframework\spring-webmvc\6.1.3\spring-webmvc-6.1.3.jar;C:\Users\ASUS\.m2\repository\org\springframework\spring-expression\6.1.3\spring-expression-6.1.3.jar;C:\Users\ASUS\.m2\repository\org\springframework\boot\spring-boot-devtools\3.2.2\spring-boot-devtools-3.2.2.jar;C:\Users\ASUS\.m2\repository\org\springframework\boot\spring-boot\3.2.2\spring-boot-3.2.2.jar;C:\Users\ASUS\.m2\repository\org\springframework\boot\spring-boot-autoconfigure\3.2.2\spring-boot-autoconfigure-3.2.2.jar;C:\Users\ASUS\.m2\repository\com\mysql\mysql-connector-j\8.3.0\mysql-connector-j-8.3.0.jar;C:\Users\ASUS\.m2\repository\jakarta\xml\bind\jakarta.xml.bind-api\4.0.1\jakarta.xml.bind-api-4.0.1.jar;C:\Users\ASUS\.m2\repository\jakarta\activation\jakarta.activation-api\2.1.2\jakarta.activation-api-2.1.2.jar;C:\Users\ASUS\.m2\repository\org\springframework\spring-core\6.1.3\spring-core-6.1.3.jar;C:\Users\ASUS\.m2\repository\org\springframework\spring-jcl\6.1.3\spring-jcl-6.1.3.jar;C:\Users\ASUS\.m2\repository\com\razorpay\razorpay-java\1.4.4\razorpay-java-1.4.4.jar;C:\Users\ASUS\.m2\repository\org\json\json\20180130\json-20180130.jar;C:\Users\ASUS\.m2\repository\com\squareup\okhttp3\okhttp\4.12.0\okhttp-4.12.0.jar;C:\Users\ASUS\.m2\repository\com\squareup\okio\okio\3.6.0\okio-3.6.0.jar;C:\Users\ASUS\.m2\repository\com\squareup\okio\okio-jvm\3.6.0\okio-jvm-3.6.0.jar;C:\Users\ASUS\.m2\repository\org\jetbrains\kotlin\kotlin-stdlib-common\1.9.22\kotlin-stdlib-common-1.9.22.jar;C:\Users\ASUS\.m2\repository\org\jetbrains\kotlin\kotlin-stdlib-jdk8\1.9.22\kotlin-stdlib-jdk8-1.9.22.jar;C:\Users\ASUS\.m2\repository\org\jetbrains\kotlin\kotlin-stdlib\1.9.22\kotlin-stdlib-1.9.22.jar;C:\Users\ASUS\.m2\repository\org\jetbrains\annotations\13.0\annotations-13.0.jar;C:\Users\ASUS\.m2\repository\org\jetbrains\kotlin\kotlin-stdlib-jdk7\1.9.22\kotlin-stdlib-jdk7-1.9.22.jar;C:\Users\ASUS\.m2\repository\com\squareup\okhttp3\logging-interceptor\4.12.0\logging-interceptor-4.12.0.jar;C:\Users\ASUS\.m2\repository\commons-codec\commons-codec\1.16.0\commons-codec-1.16.0.jar;C:\Users\ASUS\.m2\repository\org\apache\commons\commons-text\1.3\commons-text-1.3.jar;C:\Users\ASUS\.m2\repository\org\apache\commons\commons-lang3\3.13.0\commons-lang3-3.13.0.jar
Launcher Type: SUN_STANDARD

[Global flags]
     intx CICompilerCount                          = 4                                         {product} {ergonomic}
     uint ConcGCThreads                            = 2                                         {product} {ergonomic}
     uint G1ConcRefinementThreads                  = 8                                         {product} {ergonomic}
   size_t G1HeapRegionSize                         = 1048576                                   {product} {ergonomic}
    uintx GCDrainStackTargetSize                   = 64                                        {product} {ergonomic}
   size_t InitialHeapSize                          = 132120576                                 {product} {ergonomic}
   size_t MarkStackSize                            = 4194304                                   {product} {ergonomic}
   size_t MaxHeapSize                              = 2105540608                                {product} {ergonomic}
   size_t MaxNewSize                               = 1262485504                                {product} {ergonomic}
   size_t MinHeapDeltaBytes                        = 1048576                                   {product} {ergonomic}
   size_t MinHeapSize                              = 8388608                                   {product} {ergonomic}
    uintx NonNMethodCodeHeapSize                   = 5839372                                {pd product} {ergonomic}
    uintx NonProfiledCodeHeapSize                  = 122909434                              {pd product} {ergonomic}
    uintx ProfiledCodeHeapSize                     = 122909434                              {pd product} {ergonomic}
    uintx ReservedCodeCacheSize                    = 251658240                              {pd product} {ergonomic}
     bool SegmentedCodeCache                       = true                                      {product} {ergonomic}
     bool ShowCodeDetailsInExceptionMessages       = true                                   {manageable} {command line}
   size_t SoftMaxHeapSize                          = 2105540608                             {manageable} {ergonomic}
     bool UseCompressedOops                        = true                           {product lp64_product} {ergonomic}
     bool UseG1GC                                  = true                                      {product} {ergonomic}
     bool UseLargePagesIndividualAllocation        = false                                  {pd product} {ergonomic}

Logging:
Log output configuration:
 #0: stdout all=warning uptime,level,tags foldmultilines=false
 #1: stderr all=off uptime,level,tags foldmultilines=false

Environment Variables:
PATH=O:/APPS/sts-4.21.0.RELEASE//plugins/org.eclipse.justj.openjdk.hotspot.jre.full.win32.x86_64_21.0.2.v20240123-0840/jre/bin/server;O:/APPS/sts-4.21.0.RELEASE//plugins/org.eclipse.justj.openjdk.hotspot.jre.full.win32.x86_64_21.0.2.v20240123-0840/jre/bin;C:\Program Files\Eclipse Adoptium\jdk-21.0.1.12-hotspot\bin;C:\app\ASUS\product\21c\dbhomeXE\bin;C:\Program Files\Common Files\Oracle\Java\javapath;C:\Program Files (x86)\Common Files\Intel\Shared Libraries\redist\intel64\compiler;C:\Windows\system32;C:\Windows;C:\Windows\System32\Wbem;C:\Windows\System32\WindowsPowerShell\v1.0\;C:\Windows\System32\OpenSSH\;C:\Program Files\Java\jdk-17.0.2\bin;C:\Program Files\dotnet\;C:\WINDOWS\system32;C:\WINDOWS;C:\WINDOWS\System32\Wbem;C:\WINDOWS\System32\WindowsPowerShell\v1.0\;C:\WINDOWS\System32\OpenSSH\;C:\Program Files (x86)\NVIDIA Corporation\PhysX\Common;C:\Program Files\NVIDIA Corporation\NVIDIA NvDLISR;C:\MinGW\bin;C:\Program Files\Java\jdk-20\bin;C:\Program Files\nodejs\;C:\Program Files\Git\cmd;C:\Users\ASUS\AppData\Local\Programs\Python\Python312\Scripts\;C:\Users\ASUS\AppData\Local\Programs\Python\Python312\;C:\Users\ASUS\AppData\Local\Microsoft\WindowsApps;C:\Users\ASUS\AppData\Local\GitHubDesktop\bin;C:\Users\ASUS\AppData\Local\Programs\Microsoft VS Code\bin;C:\Users\ASUS\AppData\Roaming\npm;;O:\APPS\sts-4.21.0.RELEASE;
USERNAME=ASUS
OS=Windows_NT
PROCESSOR_IDENTIFIER=Intel64 Family 6 Model 165 Stepping 2, GenuineIntel
TMP=C:\Users\ASUS\AppData\Local\Temp
TEMP=C:\Users\ASUS\AppData\Local\Temp




Periodic native trim disabled

---------------  S Y S T E M  ---------------

OS:
 Windows 11 , 64 bit Build 22621 (10.0.22621.3235)
OS uptime: 0 days 21:15 hours

CPU: total 8 (initial active 8) (4 cores per cpu, 2 threads per core) family 6 model 165 stepping 2 microcode 0xe0, cx8, cmov, fxsr, ht, mmx, 3dnowpref, sse, sse2, sse3, ssse3, sse4.1, sse4.2, popcnt, lzcnt, tsc, tscinvbit, avx, avx2, aes, erms, clmul, bmi1, bmi2, adx, fma, vzeroupper, clflush, clflushopt, rdtscp, f16c, pku
Processor Information for all 8 processors :
  Max Mhz: 2496, Current Mhz: 2496, Mhz Limit: 2496

Memory: 4k page, system-wide physical 8029M (1406M free)
TotalPageFile size 16016M (AvailPageFile size 5M)
current process WorkingSet (physical memory assigned to process): 239M, peak: 300M
current process commit charge ("private bytes"): 300M, peak: 328M

vm_info: OpenJDK 64-Bit Server VM (21.0.2+13-LTS) for windows-amd64 JRE (21.0.2+13-LTS), built on 2024-01-16T00:00:00Z by "admin" with unknown MS VC++:1937

END.
